<?xml version="1.0" encoding="UTF-8"?>
<testng-results skipped="0" failed="0" ignored="0" total="1" passed="1">
  <reporter-output>
  </reporter-output>
  <suite name="Default suite" duration-ms="23" started-at="2019-01-26T22:32:37Z" finished-at="2019-01-26T22:32:37Z">
    <groups>
    </groups>
    <test name="Default test" duration-ms="23" started-at="2019-01-26T22:32:37Z" finished-at="2019-01-26T22:32:37Z">
      <class name="Programs_IQ.CalculateSumOfNumbersOfArray">
        <test-method status="PASS" signature="testCalcSumOfArray()[pri:0, instance:Programs_IQ.CalculateSumOfNumbersOfArray@2669b199]" name="testCalcSumOfArray" duration-ms="8" started-at="2019-01-26T17:32:37Z" finished-at="2019-01-26T17:32:37Z">
          <reporter-output>
          </reporter-output>
        </test-method> <!-- testCalcSumOfArray -->
      </class> <!-- Programs_IQ.CalculateSumOfNumbersOfArray -->
    </test> <!-- Default test -->
  </suite> <!-- Default suite -->
</testng-results>
